Removed Member From Class: ClassName=Sheet1 Member=
Change Component Comment : Designator=R8 Old Comment=10 New Comment=56 OHM 1W
Change Component Designator: OldDesignator=U? NewDesignator=U1
Added Component: Designator=L1(AXIAL0.3)
Added Component: Designator=R9(AXIAL0.4)
Added Component: Designator=R10(AXIAL0.4)
Added Component: Designator=R11(AXIAL0.4)
Added Component: Designator=R12(AXIAL0.4)
Added Component: Designator=U2(SO-8)
Add Pin To Net: Unknown Pin: Pin C1-1
Add Pin To Net: Unknown Pin: Pin C1-2
Add Pin To Net: Unknown Pin: Pin C2-1
Add Pin To Net: Unknown Pin: Pin C2-2
Add Pin To Net: Unknown Pin: Pin D1-3
Added Pin To Net: NetName=+12 Pin=L1-1
Add Pin To Net: Unknown Pin: Pin Q3-3
Add Pin To Net: Unknown Pin: Pin Q4-3
Added Pin To Net: NetName=GND Pin=R11-2
Added Pin To Net: NetName=GND Pin=U2-4
Added Pin To Net: NetName=+12 Pin=U2-8
Added Pin To Net: NetName=NetC4_1 Pin=L1-2
Added Net: Name=NetC4_1
Added Pin To Net: NetName=NetC4_2 Pin=R9-1
Added Net: Name=NetC4_2
Added Pin To Net: NetName=NetQ3_1 Pin=R8-2
Added Net: Name=NetQ3_1
Added Pin To Net: NetName=NetR9_2 Pin=R9-2
Added Pin To Net: NetName=NetR9_2 Pin=R10-1
Added Pin To Net: NetName=NetR9_2 Pin=U2-2
Added Net: Name=NetR9_2
Added Pin To Net: NetName=NetR10_2 Pin=R10-2
Added Pin To Net: NetName=NetR10_2 Pin=U2-1
Added Net: Name=NetR10_2
Added Pin To Net: NetName=NetR11_1 Pin=R11-1
Added Pin To Net: NetName=NetR11_1 Pin=R12-2
Added Pin To Net: NetName=NetR11_1 Pin=U2-3
Added Net: Name=NetR11_1
Added Class: Name=OUT +
Add Class Member: Failed to add class member : Component C1 4700uF 16v
Add Class Member: Failed to add class member : Component C2 4700uF 16v
Add Class Member: Failed to add class member : Component C4 4700uF 50V
Add Class Member: Failed to add class member : Component C5 4700uF50v
Add Class Member: Failed to add class member : Component D1 DIODE DUAL K
Added Member To Class: ClassName=Sheet1 Member=Component L1 220uH
Add Class Member: Failed to add class member : Component Q3 IRFP250
Add Class Member: Failed to add class member : Component Q4 IRFP250
Added Member To Class: ClassName=Sheet1 Member=Component R9 10k
Added Member To Class: ClassName=Sheet1 Member=Component R10 2.2k
Added Member To Class: ClassName=Sheet1 Member=Component R11 2.2k
Added Member To Class: ClassName=Sheet1 Member=Component R12 10k
Added Member To Class: ClassName=Sheet1 Member=Component U2 LM358
