Added Component: Designator=C3(1005)
Added Component: Designator=R1(AXIAL0.4)
Added Component: Designator=R2(AXIAL0.4)
Added Component: Designator=R3(AXIAL0.4)
Added Component: Designator=R4(AXIAL0.4)
Added Component: Designator=R5(AXIAL0.4)
Add Pin To Net: Unknown Pin: Pin C1-1
Add Pin To Net: Unknown Pin: Pin C1-2
Add Pin To Net: Unknown Pin: Pin C2-1
Add Pin To Net: Unknown Pin: Pin C2-2
Added Pin To Net: NetName=GND Pin=C3-2
Added Pin To Net: NetName=GND Pin=R1-2
Added Pin To Net: NetName=GND Pin=R4-2
Added Pin To Net: NetName=GND Pin=U?-4
Added Pin To Net: NetName=GND Pin=U?-9
Added Pin To Net: NetName=GND Pin=U?-10
Added Pin To Net: NetName=GND Pin=U?-16
Added Pin To Net: NetName=NetC3_1 Pin=C3-1
Added Pin To Net: NetName=NetC3_1 Pin=U?-5
Added Net: Name=NetC3_1
Added Pin To Net: NetName=NetR1_1 Pin=R1-1
Added Pin To Net: NetName=NetR1_1 Pin=U?-6
Added Net: Name=NetR1_1
Added Pin To Net: NetName=NetR2_1 Pin=R2-1
Added Pin To Net: NetName=NetR2_1 Pin=R3-2
Added Pin To Net: NetName=NetR2_1 Pin=U?-2
Added Net: Name=NetR2_1
Added Pin To Net: NetName=NetR2_2 Pin=R2-2
Added Pin To Net: NetName=NetR2_2 Pin=U?-3
Added Net: Name=NetR2_2
Added Pin To Net: NetName=NetR3_1 Pin=R3-1
Added Pin To Net: NetName=NetR3_1 Pin=R4-1
Added Pin To Net: NetName=NetR3_1 Pin=R5-1
Added Net: Name=NetR3_1
Added Pin To Net: NetName=NetR5_2 Pin=R5-2
Added Pin To Net: NetName=NetR5_2 Pin=U?-14
Added Net: Name=NetR5_2
Add Class Member: Failed to add class member : Component C1 4700uF 16v
Add Class Member: Failed to add class member : Component C2 4700uF 16v
Added Member To Class: ClassName=Sheet1 Member=Component C3 2.2nF
Added Member To Class: ClassName=Sheet1 Member=Component R1 4.7k
Added Member To Class: ClassName=Sheet1 Member=Component R2 50K
Added Member To Class: ClassName=Sheet1 Member=Component R3 560
Added Member To Class: ClassName=Sheet1 Member=Component R4 10k
Added Member To Class: ClassName=Sheet1 Member=Component R5 10k
