Change Component Footprint: Designator=Q1 Old Footprint=SMD-23 New Footprint=TO-220-AB
Change Component Footprint: Designator=Q2 Old Footprint=SMD-23 New Footprint=TO-220-AB
Added Component: Designator=R13(AXIAL0.4)
Add Pin To Net: Unknown Pin: Pin C1-1
Add Pin To Net: Unknown Pin: Pin C1-2
Add Pin To Net: Unknown Pin: Pin C2-1
Add Pin To Net: Unknown Pin: Pin C2-2
Add Pin To Net: Unknown Pin: Pin C4-1
Add Pin To Net: Unknown Pin: Pin C4-2
Add Pin To Net: Unknown Pin: Pin C5-1
Add Pin To Net: Unknown Pin: Pin C5-2
Add Pin To Net: Unknown Pin: Pin D1-1
Add Pin To Net: Unknown Pin: Pin D1-2
Add Pin To Net: Unknown Pin: Pin D1-3
Add Pin To Net: Unknown Pin: Pin P1-2
Add Pin To Net: Unknown Pin: Pin P1-3
Add Pin To Net: Unknown Pin: Pin Q3-1
Add Pin To Net: Unknown Pin: Pin Q3-2
Add Pin To Net: Unknown Pin: Pin Q3-3
Add Pin To Net: Unknown Pin: Pin Q4-1
Add Pin To Net: Unknown Pin: Pin Q4-2
Add Pin To Net: Unknown Pin: Pin Q4-3
Added Pin To Net: NetName=NetC4_1 Pin=R12-1
Added Pin To Net: NetName=NetR10_2 Pin=R13-1
Added Pin To Net: NetName=NetP1_1 Pin=R13-2
Added Pin To Net: NetName=NetP1_1 Pin=U1-1
Added Net: Name=NetP1_1
Add Class Member: Failed to add class member : Component C1 4700uF 16v
Add Class Member: Failed to add class member : Component C2 4700uF 16v
Add Class Member: Failed to add class member : Component C4 4700uF 50V
Add Class Member: Failed to add class member : Component C5 4700uF50v
Add Class Member: Failed to add class member : Component D1 DIODE DUAL K
Add Class Member: Failed to add class member : Component P1 10k
Add Class Member: Failed to add class member : Component Q3 IRFP250
Add Class Member: Failed to add class member : Component Q4 IRFP250
Added Member To Class: ClassName=Sheet1 Member=Component R13 10k
